<?xml version="1.0"?>
<!DOCTYPE cache-config SYSTEM "cache-config.dtd">

<cache-config>
	
	<caching-scheme-mapping>
		<cache-mapping>
			<cache-name>canary-cache</cache-name>
			<scheme-name>canary-distributed</scheme-name>
		</cache-mapping>
	</caching-scheme-mapping>
	
	<caching-schemes>
		<distributed-scheme>
			<scheme-name>canary-distributed</scheme-name>
			<service-name>DistributedCache</service-name> 
			<backing-map-scheme>
				<local-scheme/>
			</backing-map-scheme>
			<partition-listener>
				<class-name>org.gridkit.coherence.util.dataloss.PartitionLossListener</class-name>
				<init-params>
					<init-param>
						<param-type>java.lang.String</param-type>
						<param-value>org.gridkit.coherence.util.dataloss.DataLossListenerImpl</param-value>
					</init-param>
				</init-params>
			</partition-listener>
			<backup-count>0</backup-count>
			<autostart>true</autostart>
		</distributed-scheme>
	</caching-schemes>
	
</cache-config>